2022-05-14_15-19-11 [restartedMain] INFO  c.c.a.AuthorizationMicroserviceApplication - Starting AuthorizationMicroserviceApplication using Java 17.0.2 on LTIN302734 with PID 3012 (C:\Users\877629\Desktop\JAVA_FSE\Pension-Management-System-main\Pension-Management-System-main\Authorization-Microservice\target\classes started by 877629 in C:\Users\877629\Desktop\JAVA_FSE\Pension-Management-System-main\Pension-Management-System-main\Authorization-Microservice)
2022-05-14_15-19-11 [restartedMain] INFO  c.c.a.AuthorizationMicroserviceApplication - No active profile set, falling back to default profiles: default
2022-05-14_15-19-11 [restartedMain] INFO  o.s.b.d.e.DevToolsPropertyDefaultsPostProcessor - Devtools property defaults active! Set 'spring.devtools.add-properties' to 'false' to disable
2022-05-14_15-19-11 [restartedMain] INFO  o.s.b.d.e.DevToolsPropertyDefaultsPostProcessor - For additional web related logging consider setting the 'logging.level.web' property to 'DEBUG'
2022-05-14_15-19-11 [restartedMain] INFO  o.s.d.r.c.RepositoryConfigurationDelegate - Bootstrapping Spring Data JPA repositories in DEFAULT mode.
2022-05-14_15-19-11 [restartedMain] INFO  o.s.d.r.c.RepositoryConfigurationDelegate - Finished Spring Data repository scanning in 100 ms. Found 1 JPA repository interfaces.
2022-05-14_15-19-11 [restartedMain] INFO  o.s.cloud.context.scope.GenericScope - BeanFactory id=edddad8d-4f8b-3de1-9e23-4996f9518ee0
2022-05-14_15-19-11 [restartedMain] INFO  o.s.b.w.e.tomcat.TomcatWebServer - Tomcat initialized with port(s): 8400 (http)
2022-05-14_15-19-11 [restartedMain] INFO  o.a.coyote.http11.Http11NioProtocol - Initializing ProtocolHandler ["http-nio-8400"]
2022-05-14_15-19-11 [restartedMain] INFO  o.a.catalina.core.StandardService - Starting service [Tomcat]
2022-05-14_15-19-11 [restartedMain] INFO  o.a.catalina.core.StandardEngine - Starting Servlet engine: [Apache Tomcat/9.0.41]
2022-05-14_15-19-11 [restartedMain] INFO  o.a.c.c.C.[.[localhost].[/auth] - Initializing Spring embedded WebApplicationContext
2022-05-14_15-19-11 [restartedMain] INFO  o.s.b.w.s.c.ServletWebServerApplicationContext - Root WebApplicationContext: initialization completed in 5253 ms
2022-05-14_15-19-11 [restartedMain] INFO  com.zaxxer.hikari.HikariDataSource - HikariPool-1 - Starting...
2022-05-14_15-19-11 [restartedMain] INFO  com.zaxxer.hikari.HikariDataSource - HikariPool-1 - Start completed.
2022-05-14_15-19-11 [restartedMain] INFO  o.s.b.a.h.H2ConsoleAutoConfiguration - H2 console available at '/db'. Database available at 'jdbc:h2:mem:testdb'
2022-05-14_15-19-11 [restartedMain] INFO  o.h.jpa.internal.util.LogHelper - HHH000204: Processing PersistenceUnitInfo [name: default]
2022-05-14_15-19-11 [restartedMain] INFO  org.hibernate.Version - HHH000412: Hibernate ORM core version 5.4.27.Final
2022-05-14_15-19-11 [restartedMain] INFO  o.h.annotations.common.Version - HCANN000001: Hibernate Commons Annotations {5.1.2.Final}
2022-05-14_15-19-11 [restartedMain] INFO  org.hibernate.dialect.Dialect - HHH000400: Using dialect: org.hibernate.dialect.H2Dialect
2022-05-14_15-19-11 [restartedMain] INFO  o.h.e.t.j.p.i.JtaPlatformInitiator - HHH000490: Using JtaPlatform implementation: [org.hibernate.engine.transaction.jta.platform.internal.NoJtaPlatform]
2022-05-14_15-19-11 [restartedMain] INFO  o.s.o.j.LocalContainerEntityManagerFactoryBean - Initialized JPA EntityManagerFactory for persistence unit 'default'
2022-05-14_15-19-11 [restartedMain] INFO  o.s.b.d.a.OptionalLiveReloadServer - LiveReload server is running on port 35729
2022-05-14_15-19-11 [restartedMain] INFO  o.s.b.a.e.web.EndpointLinksResolver - Exposing 2 endpoint(s) beneath base path '/actuator'
2022-05-14_15-19-11 [restartedMain] INFO  s.d.s.w.PropertySourcedRequestMappingHandlerMapping - Mapped URL path [/v2/api-docs] onto method [springfox.documentation.swagger2.web.Swagger2Controller#getDocumentation(String, HttpServletRequest)]
2022-05-14_15-19-11 [restartedMain] INFO  o.s.s.web.DefaultSecurityFilterChain - Will secure any request with [org.springframework.security.web.context.request.async.WebAsyncManagerIntegrationFilter@325ad621, org.springframework.security.web.context.SecurityContextPersistenceFilter@359aeae3, org.springframework.security.web.header.HeaderWriterFilter@22055db4, org.springframework.security.web.authentication.logout.LogoutFilter@b54e23b, com.cts.authorization.config.JwtRequestFilter@89da04b, org.springframework.security.web.savedrequest.RequestCacheAwareFilter@68cbc5a1, org.springframework.security.web.servletapi.SecurityContextHolderAwareRequestFilter@614a2a7a, org.springframework.security.web.authentication.AnonymousAuthenticationFilter@2858d49b, org.springframework.security.web.session.SessionManagementFilter@1b268a76, org.springframework.security.web.access.ExceptionTranslationFilter@1d098bc, org.springframework.security.web.access.intercept.FilterSecurityInterceptor@2fe78fac]
2022-05-14_15-19-11 [restartedMain] INFO  o.s.s.c.ThreadPoolTaskExecutor - Initializing ExecutorService 'applicationTaskExecutor'
2022-05-14_15-19-11 [restartedMain] INFO  o.a.coyote.http11.Http11NioProtocol - Starting ProtocolHandler ["http-nio-8400"]
2022-05-14_15-19-11 [restartedMain] INFO  o.s.b.w.e.tomcat.TomcatWebServer - Tomcat started on port(s): 8400 (http) with context path '/auth'
2022-05-14_15-19-11 [restartedMain] INFO  s.d.s.w.p.DocumentationPluginsBootstrapper - Context refreshed
2022-05-14_15-19-11 [restartedMain] INFO  s.d.s.w.p.DocumentationPluginsBootstrapper - Found 1 custom documentation plugin(s)
2022-05-14_15-19-11 [restartedMain] INFO  s.d.s.w.s.ApiListingReferenceScanner - Scanning for api listing references
2022-05-14_15-19-11 [restartedMain] INFO  s.d.s.w.r.o.CachingOperationNameGenerator - Generating unique operation named: handleUsingGET_1
2022-05-14_15-19-11 [restartedMain] INFO  s.d.s.w.r.o.CachingOperationNameGenerator - Generating unique operation named: handleUsingGET_2
2022-05-14_15-19-11 [restartedMain] INFO  c.c.a.AuthorizationMicroserviceApplication - Started AuthorizationMicroserviceApplication in 15.07 seconds (JVM running for 16.313)
2022-05-14_15-34-49 [restartedMain] INFO  c.c.a.AuthorizationMicroserviceApplication - Starting AuthorizationMicroserviceApplication using Java 17.0.2 on LTIN302734 with PID 12804 (C:\Users\877629\Desktop\JAVA_FSE\Pension-Management-System-main\Pension-Management-System-main\Authorization-Microservice\target\classes started by 877629 in C:\Users\877629\Desktop\JAVA_FSE\Pension-Management-System-main\Pension-Management-System-main\Authorization-Microservice)
2022-05-14_15-34-49 [restartedMain] INFO  c.c.a.AuthorizationMicroserviceApplication - No active profile set, falling back to default profiles: default
2022-05-14_15-34-49 [restartedMain] INFO  o.s.b.d.e.DevToolsPropertyDefaultsPostProcessor - Devtools property defaults active! Set 'spring.devtools.add-properties' to 'false' to disable
2022-05-14_15-34-49 [restartedMain] INFO  o.s.b.d.e.DevToolsPropertyDefaultsPostProcessor - For additional web related logging consider setting the 'logging.level.web' property to 'DEBUG'
2022-05-14_15-34-49 [restartedMain] INFO  o.s.d.r.c.RepositoryConfigurationDelegate - Bootstrapping Spring Data JPA repositories in DEFAULT mode.
2022-05-14_15-34-49 [restartedMain] INFO  o.s.d.r.c.RepositoryConfigurationDelegate - Finished Spring Data repository scanning in 80 ms. Found 1 JPA repository interfaces.
2022-05-14_15-34-49 [restartedMain] INFO  o.s.cloud.context.scope.GenericScope - BeanFactory id=edddad8d-4f8b-3de1-9e23-4996f9518ee0
2022-05-14_15-34-49 [restartedMain] INFO  o.s.b.w.e.tomcat.TomcatWebServer - Tomcat initialized with port(s): 8400 (http)
2022-05-14_15-34-49 [restartedMain] INFO  o.a.coyote.http11.Http11NioProtocol - Initializing ProtocolHandler ["http-nio-8400"]
2022-05-14_15-34-49 [restartedMain] INFO  o.a.catalina.core.StandardService - Starting service [Tomcat]
2022-05-14_15-34-49 [restartedMain] INFO  o.a.catalina.core.StandardEngine - Starting Servlet engine: [Apache Tomcat/9.0.41]
2022-05-14_15-34-49 [restartedMain] INFO  o.a.c.c.C.[.[localhost].[/auth] - Initializing Spring embedded WebApplicationContext
2022-05-14_15-34-49 [restartedMain] INFO  o.s.b.w.s.c.ServletWebServerApplicationContext - Root WebApplicationContext: initialization completed in 4016 ms
2022-05-14_15-34-49 [restartedMain] INFO  com.zaxxer.hikari.HikariDataSource - HikariPool-1 - Starting...
2022-05-14_15-34-49 [restartedMain] INFO  com.zaxxer.hikari.HikariDataSource - HikariPool-1 - Start completed.
2022-05-14_15-34-49 [restartedMain] INFO  o.s.b.a.h.H2ConsoleAutoConfiguration - H2 console available at '/db'. Database available at 'jdbc:h2:mem:testdb'
2022-05-14_15-34-49 [restartedMain] INFO  o.h.jpa.internal.util.LogHelper - HHH000204: Processing PersistenceUnitInfo [name: default]
2022-05-14_15-34-49 [restartedMain] INFO  org.hibernate.Version - HHH000412: Hibernate ORM core version 5.4.27.Final
2022-05-14_15-34-49 [restartedMain] INFO  o.h.annotations.common.Version - HCANN000001: Hibernate Commons Annotations {5.1.2.Final}
2022-05-14_15-34-49 [restartedMain] INFO  org.hibernate.dialect.Dialect - HHH000400: Using dialect: org.hibernate.dialect.H2Dialect
2022-05-14_15-34-49 [restartedMain] INFO  o.h.e.t.j.p.i.JtaPlatformInitiator - HHH000490: Using JtaPlatform implementation: [org.hibernate.engine.transaction.jta.platform.internal.NoJtaPlatform]
2022-05-14_15-34-49 [restartedMain] INFO  o.s.o.j.LocalContainerEntityManagerFactoryBean - Initialized JPA EntityManagerFactory for persistence unit 'default'
2022-05-14_15-34-49 [restartedMain] INFO  o.s.b.a.e.web.EndpointLinksResolver - Exposing 2 endpoint(s) beneath base path '/actuator'
2022-05-14_15-34-49 [restartedMain] INFO  s.d.s.w.PropertySourcedRequestMappingHandlerMapping - Mapped URL path [/v2/api-docs] onto method [springfox.documentation.swagger2.web.Swagger2Controller#getDocumentation(String, HttpServletRequest)]
2022-05-14_15-34-49 [restartedMain] INFO  o.s.s.web.DefaultSecurityFilterChain - Will secure any request with [org.springframework.security.web.context.request.async.WebAsyncManagerIntegrationFilter@346e76f9, org.springframework.security.web.context.SecurityContextPersistenceFilter@17bc09c1, org.springframework.security.web.header.HeaderWriterFilter@5c628d3e, org.springframework.security.web.authentication.logout.LogoutFilter@2da5b7ca, com.cts.authorization.config.JwtRequestFilter@7945316, org.springframework.security.web.savedrequest.RequestCacheAwareFilter@360985ba, org.springframework.security.web.servletapi.SecurityContextHolderAwareRequestFilter@1612472b, org.springframework.security.web.authentication.AnonymousAuthenticationFilter@3399956b, org.springframework.security.web.session.SessionManagementFilter@5fda2336, org.springframework.security.web.access.ExceptionTranslationFilter@7e45b2e0, org.springframework.security.web.access.intercept.FilterSecurityInterceptor@4d75101]
2022-05-14_15-34-49 [restartedMain] INFO  o.s.s.c.ThreadPoolTaskExecutor - Initializing ExecutorService 'applicationTaskExecutor'
2022-05-14_15-34-49 [restartedMain] INFO  o.s.cloud.commons.util.InetUtils - Cannot determine local hostname
2022-05-14_15-34-49 [restartedMain] INFO  o.a.coyote.http11.Http11NioProtocol - Starting ProtocolHandler ["http-nio-8400"]
2022-05-14_15-34-49 [restartedMain] INFO  o.s.b.w.e.tomcat.TomcatWebServer - Tomcat started on port(s): 8400 (http) with context path '/auth'
2022-05-14_15-34-49 [restartedMain] INFO  o.s.cloud.commons.util.InetUtils - Cannot determine local hostname
2022-05-14_15-34-49 [restartedMain] INFO  s.d.s.w.p.DocumentationPluginsBootstrapper - Context refreshed
2022-05-14_15-34-49 [restartedMain] INFO  s.d.s.w.p.DocumentationPluginsBootstrapper - Found 1 custom documentation plugin(s)
2022-05-14_15-34-49 [restartedMain] INFO  s.d.s.w.s.ApiListingReferenceScanner - Scanning for api listing references
2022-05-14_15-34-49 [restartedMain] INFO  s.d.s.w.r.o.CachingOperationNameGenerator - Generating unique operation named: handleUsingGET_1
2022-05-14_15-34-49 [restartedMain] INFO  s.d.s.w.r.o.CachingOperationNameGenerator - Generating unique operation named: handleUsingGET_2
2022-05-14_15-34-49 [restartedMain] INFO  c.c.a.AuthorizationMicroserviceApplication - Started AuthorizationMicroserviceApplication in 13.068 seconds (JVM running for 14.565)
2022-05-14_15-34-49 [http-nio-8400-exec-1] INFO  o.a.c.c.C.[.[localhost].[/auth] - Initializing Spring DispatcherServlet 'dispatcherServlet'
2022-05-14_15-34-49 [http-nio-8400-exec-1] INFO  o.s.web.servlet.DispatcherServlet - Initializing Servlet 'dispatcherServlet'
2022-05-14_15-34-49 [http-nio-8400-exec-1] INFO  o.s.web.servlet.DispatcherServlet - Completed initialization in 1 ms
2022-05-14_15-34-49 [http-nio-8400-exec-1] INFO  c.c.a.service.JwtUserDetailsService - User found
2022-05-14_15-34-49 [http-nio-8400-exec-1] INFO  c.c.a.service.JwtUserDetailsService - user successfully located
2022-05-14_15-34-49 [http-nio-8400-exec-1] INFO  c.c.a.service.JwtUserDetailsService - User found
2022-05-14_15-34-49 [http-nio-8400-exec-1] INFO  c.c.a.service.JwtUserDetailsService - user successfully located
2022-05-14_15-34-49 [http-nio-8400-exec-3] INFO  c.c.a.service.JwtUserDetailsService - User found
2022-05-14_15-34-49 [http-nio-8400-exec-3] INFO  c.c.a.service.JwtUserDetailsService - user successfully located
2022-05-14_15-34-49 [http-nio-8400-exec-2] INFO  c.c.a.service.JwtUserDetailsService - User found
2022-05-14_15-34-49 [http-nio-8400-exec-2] INFO  c.c.a.service.JwtUserDetailsService - user successfully located
2022-05-14_15-34-49 [http-nio-8400-exec-4] INFO  c.c.a.service.JwtUserDetailsService - User found
2022-05-14_15-34-49 [http-nio-8400-exec-4] INFO  c.c.a.service.JwtUserDetailsService - user successfully located
2022-05-14_15-34-49 [http-nio-8400-exec-5] INFO  c.c.a.service.JwtUserDetailsService - User found
2022-05-14_15-34-49 [http-nio-8400-exec-5] INFO  c.c.a.service.JwtUserDetailsService - user successfully located
2022-05-14_15-34-49 [http-nio-8400-exec-6] INFO  c.c.a.service.JwtUserDetailsService - User found
2022-05-14_15-34-49 [http-nio-8400-exec-6] INFO  c.c.a.service.JwtUserDetailsService - user successfully located
2022-05-14_15-34-49 [http-nio-8400-exec-1] INFO  c.c.a.service.JwtUserDetailsService - User found
2022-05-14_15-34-49 [http-nio-8400-exec-1] INFO  c.c.a.service.JwtUserDetailsService - user successfully located
2022-05-14_15-34-49 [http-nio-8400-exec-1] INFO  c.c.a.service.JwtUserDetailsService - User found
2022-05-14_15-34-49 [http-nio-8400-exec-1] INFO  c.c.a.service.JwtUserDetailsService - user successfully located
2022-05-14_15-34-49 [http-nio-8400-exec-2] INFO  c.c.a.service.JwtUserDetailsService - User found
2022-05-14_15-34-49 [http-nio-8400-exec-2] INFO  c.c.a.service.JwtUserDetailsService - user successfully located
2022-05-14_15-34-49 [http-nio-8400-exec-2] INFO  c.c.a.service.JwtUserDetailsService - User found
2022-05-14_15-34-49 [http-nio-8400-exec-2] INFO  c.c.a.service.JwtUserDetailsService - user successfully located
2022-05-14_15-52-04 [restartedMain] INFO  c.c.a.AuthorizationMicroserviceApplication - Starting AuthorizationMicroserviceApplication using Java 17.0.2 on LTIN302734 with PID 12412 (C:\Users\877629\Desktop\JAVA_FSE\Pension-Management-System-main\Pension-Management-System-main\Authorization-Microservice\target\classes started by 877629 in C:\Users\877629\Desktop\JAVA_FSE\Pension-Management-System-main\Pension-Management-System-main\Authorization-Microservice)
2022-05-14_15-52-04 [restartedMain] INFO  c.c.a.AuthorizationMicroserviceApplication - No active profile set, falling back to default profiles: default
2022-05-14_15-52-04 [restartedMain] INFO  o.s.b.d.e.DevToolsPropertyDefaultsPostProcessor - Devtools property defaults active! Set 'spring.devtools.add-properties' to 'false' to disable
2022-05-14_15-52-04 [restartedMain] INFO  o.s.b.d.e.DevToolsPropertyDefaultsPostProcessor - For additional web related logging consider setting the 'logging.level.web' property to 'DEBUG'
2022-05-14_15-52-04 [restartedMain] INFO  o.s.d.r.c.RepositoryConfigurationDelegate - Bootstrapping Spring Data JPA repositories in DEFAULT mode.
2022-05-14_15-52-04 [restartedMain] INFO  o.s.d.r.c.RepositoryConfigurationDelegate - Finished Spring Data repository scanning in 61 ms. Found 1 JPA repository interfaces.
2022-05-14_15-52-04 [restartedMain] INFO  o.s.cloud.context.scope.GenericScope - BeanFactory id=edddad8d-4f8b-3de1-9e23-4996f9518ee0
2022-05-14_15-52-04 [restartedMain] INFO  o.s.b.w.e.tomcat.TomcatWebServer - Tomcat initialized with port(s): 8400 (http)
2022-05-14_15-52-04 [restartedMain] INFO  o.a.coyote.http11.Http11NioProtocol - Initializing ProtocolHandler ["http-nio-8400"]
2022-05-14_15-52-04 [restartedMain] INFO  o.a.catalina.core.StandardService - Starting service [Tomcat]
2022-05-14_15-52-04 [restartedMain] INFO  o.a.catalina.core.StandardEngine - Starting Servlet engine: [Apache Tomcat/9.0.41]
2022-05-14_15-52-04 [restartedMain] INFO  o.a.c.c.C.[.[localhost].[/auth] - Initializing Spring embedded WebApplicationContext
2022-05-14_15-52-04 [restartedMain] INFO  o.s.b.w.s.c.ServletWebServerApplicationContext - Root WebApplicationContext: initialization completed in 3500 ms
2022-05-14_15-52-04 [restartedMain] INFO  com.zaxxer.hikari.HikariDataSource - HikariPool-1 - Starting...
2022-05-14_15-52-04 [restartedMain] INFO  com.zaxxer.hikari.HikariDataSource - HikariPool-1 - Start completed.
2022-05-14_15-52-04 [restartedMain] INFO  o.s.b.a.h.H2ConsoleAutoConfiguration - H2 console available at '/db'. Database available at 'jdbc:h2:mem:testdb'
2022-05-14_15-52-04 [restartedMain] INFO  o.h.jpa.internal.util.LogHelper - HHH000204: Processing PersistenceUnitInfo [name: default]
2022-05-14_15-52-04 [restartedMain] INFO  org.hibernate.Version - HHH000412: Hibernate ORM core version 5.4.27.Final
2022-05-14_15-52-04 [restartedMain] INFO  o.h.annotations.common.Version - HCANN000001: Hibernate Commons Annotations {5.1.2.Final}
2022-05-14_15-52-04 [restartedMain] INFO  org.hibernate.dialect.Dialect - HHH000400: Using dialect: org.hibernate.dialect.H2Dialect
2022-05-14_15-52-04 [restartedMain] INFO  o.h.e.t.j.p.i.JtaPlatformInitiator - HHH000490: Using JtaPlatform implementation: [org.hibernate.engine.transaction.jta.platform.internal.NoJtaPlatform]
2022-05-14_15-52-04 [restartedMain] INFO  o.s.o.j.LocalContainerEntityManagerFactoryBean - Initialized JPA EntityManagerFactory for persistence unit 'default'
2022-05-14_15-52-04 [restartedMain] INFO  o.s.b.d.a.OptionalLiveReloadServer - LiveReload server is running on port 35729
2022-05-14_15-52-04 [restartedMain] INFO  o.s.b.a.e.web.EndpointLinksResolver - Exposing 2 endpoint(s) beneath base path '/actuator'
2022-05-14_15-52-04 [restartedMain] INFO  s.d.s.w.PropertySourcedRequestMappingHandlerMapping - Mapped URL path [/v2/api-docs] onto method [springfox.documentation.swagger2.web.Swagger2Controller#getDocumentation(String, HttpServletRequest)]
2022-05-14_15-52-04 [restartedMain] INFO  o.s.s.web.DefaultSecurityFilterChain - Will secure any request with [org.springframework.security.web.context.request.async.WebAsyncManagerIntegrationFilter@5bbd6cbf, org.springframework.security.web.context.SecurityContextPersistenceFilter@6d2a8203, org.springframework.security.web.header.HeaderWriterFilter@720e4dca, org.springframework.security.web.authentication.logout.LogoutFilter@551e4dcf, com.cts.authorization.config.JwtRequestFilter@25846be6, org.springframework.security.web.savedrequest.RequestCacheAwareFilter@60a66d54, org.springframework.security.web.servletapi.SecurityContextHolderAwareRequestFilter@72a2e52d, org.springframework.security.web.authentication.AnonymousAuthenticationFilter@7ae00667, org.springframework.security.web.session.SessionManagementFilter@7c538671, org.springframework.security.web.access.ExceptionTranslationFilter@5e687ec0, org.springframework.security.web.access.intercept.FilterSecurityInterceptor@29260882]
2022-05-14_15-52-04 [restartedMain] INFO  o.s.s.c.ThreadPoolTaskExecutor - Initializing ExecutorService 'applicationTaskExecutor'
2022-05-14_15-52-04 [restartedMain] INFO  o.s.cloud.commons.util.InetUtils - Cannot determine local hostname
2022-05-14_15-52-04 [restartedMain] INFO  o.a.coyote.http11.Http11NioProtocol - Starting ProtocolHandler ["http-nio-8400"]
2022-05-14_15-52-04 [restartedMain] INFO  o.s.b.w.e.tomcat.TomcatWebServer - Tomcat started on port(s): 8400 (http) with context path '/auth'
2022-05-14_15-52-04 [restartedMain] INFO  o.s.cloud.commons.util.InetUtils - Cannot determine local hostname
2022-05-14_15-52-04 [restartedMain] INFO  s.d.s.w.p.DocumentationPluginsBootstrapper - Context refreshed
2022-05-14_15-52-04 [restartedMain] INFO  s.d.s.w.p.DocumentationPluginsBootstrapper - Found 1 custom documentation plugin(s)
2022-05-14_15-52-04 [restartedMain] INFO  s.d.s.w.s.ApiListingReferenceScanner - Scanning for api listing references
2022-05-14_15-52-04 [restartedMain] INFO  s.d.s.w.r.o.CachingOperationNameGenerator - Generating unique operation named: handleUsingGET_1
2022-05-14_15-52-04 [restartedMain] INFO  s.d.s.w.r.o.CachingOperationNameGenerator - Generating unique operation named: handleUsingGET_2
2022-05-14_15-52-04 [restartedMain] INFO  c.c.a.AuthorizationMicroserviceApplication - Started AuthorizationMicroserviceApplication in 11.938 seconds (JVM running for 12.827)
2022-05-14_15-52-04 [http-nio-8400-exec-2] INFO  o.a.c.c.C.[.[localhost].[/auth] - Initializing Spring DispatcherServlet 'dispatcherServlet'
2022-05-14_15-52-04 [http-nio-8400-exec-2] INFO  o.s.web.servlet.DispatcherServlet - Initializing Servlet 'dispatcherServlet'
2022-05-14_15-52-04 [http-nio-8400-exec-2] INFO  o.s.web.servlet.DispatcherServlet - Completed initialization in 3 ms
2022-05-14_15-52-04 [http-nio-8400-exec-2] INFO  c.c.a.service.JwtUserDetailsService - User found
2022-05-14_15-52-04 [http-nio-8400-exec-2] INFO  c.c.a.service.JwtUserDetailsService - user successfully located
2022-05-14_15-52-04 [http-nio-8400-exec-2] INFO  c.c.a.service.JwtUserDetailsService - User found
2022-05-14_15-52-04 [http-nio-8400-exec-2] INFO  c.c.a.service.JwtUserDetailsService - user successfully located
2022-05-14_15-52-04 [http-nio-8400-exec-3] INFO  c.c.a.service.JwtUserDetailsService - User found
2022-05-14_15-52-04 [http-nio-8400-exec-3] INFO  c.c.a.service.JwtUserDetailsService - user successfully located
2022-05-14_16-55-05 [restartedMain] INFO  c.c.a.AuthorizationMicroserviceApplication - Starting AuthorizationMicroserviceApplication using Java 17.0.2 on LTIN302734 with PID 4068 (C:\Users\877629\Desktop\JAVA_FSE\Pension-Management-System-main\Pension-Management-System-main\Authorization-Microservice\target\classes started by 877629 in C:\Users\877629\Desktop\JAVA_FSE\Pension-Management-System-main\Pension-Management-System-main\Authorization-Microservice)
2022-05-14_16-55-05 [restartedMain] INFO  c.c.a.AuthorizationMicroserviceApplication - No active profile set, falling back to default profiles: default
2022-05-14_16-55-05 [restartedMain] INFO  o.s.b.d.e.DevToolsPropertyDefaultsPostProcessor - Devtools property defaults active! Set 'spring.devtools.add-properties' to 'false' to disable
2022-05-14_16-55-05 [restartedMain] INFO  o.s.b.d.e.DevToolsPropertyDefaultsPostProcessor - For additional web related logging consider setting the 'logging.level.web' property to 'DEBUG'
2022-05-14_16-55-05 [restartedMain] INFO  o.s.d.r.c.RepositoryConfigurationDelegate - Bootstrapping Spring Data JPA repositories in DEFAULT mode.
2022-05-14_16-55-05 [restartedMain] INFO  o.s.d.r.c.RepositoryConfigurationDelegate - Finished Spring Data repository scanning in 74 ms. Found 1 JPA repository interfaces.
2022-05-14_16-55-05 [restartedMain] INFO  o.s.cloud.context.scope.GenericScope - BeanFactory id=edddad8d-4f8b-3de1-9e23-4996f9518ee0
2022-05-14_16-55-05 [restartedMain] INFO  o.s.b.w.e.tomcat.TomcatWebServer - Tomcat initialized with port(s): 8400 (http)
2022-05-14_16-55-05 [restartedMain] INFO  o.a.coyote.http11.Http11NioProtocol - Initializing ProtocolHandler ["http-nio-8400"]
2022-05-14_16-55-05 [restartedMain] INFO  o.a.catalina.core.StandardService - Starting service [Tomcat]
2022-05-14_16-55-05 [restartedMain] INFO  o.a.catalina.core.StandardEngine - Starting Servlet engine: [Apache Tomcat/9.0.41]
2022-05-14_16-55-05 [restartedMain] INFO  o.a.c.c.C.[.[localhost].[/auth] - Initializing Spring embedded WebApplicationContext
2022-05-14_16-55-05 [restartedMain] INFO  o.s.b.w.s.c.ServletWebServerApplicationContext - Root WebApplicationContext: initialization completed in 3403 ms
2022-05-14_16-55-05 [restartedMain] INFO  com.zaxxer.hikari.HikariDataSource - HikariPool-1 - Starting...
2022-05-14_16-55-05 [restartedMain] INFO  com.zaxxer.hikari.HikariDataSource - HikariPool-1 - Start completed.
2022-05-14_16-55-05 [restartedMain] INFO  o.s.b.a.h.H2ConsoleAutoConfiguration - H2 console available at '/db'. Database available at 'jdbc:h2:mem:testdb'
2022-05-14_16-55-05 [restartedMain] INFO  o.h.jpa.internal.util.LogHelper - HHH000204: Processing PersistenceUnitInfo [name: default]
2022-05-14_16-55-05 [restartedMain] INFO  org.hibernate.Version - HHH000412: Hibernate ORM core version 5.4.27.Final
2022-05-14_16-55-05 [restartedMain] INFO  o.h.annotations.common.Version - HCANN000001: Hibernate Commons Annotations {5.1.2.Final}
2022-05-14_16-55-05 [restartedMain] INFO  org.hibernate.dialect.Dialect - HHH000400: Using dialect: org.hibernate.dialect.H2Dialect
2022-05-14_16-55-05 [restartedMain] INFO  o.h.e.t.j.p.i.JtaPlatformInitiator - HHH000490: Using JtaPlatform implementation: [org.hibernate.engine.transaction.jta.platform.internal.NoJtaPlatform]
2022-05-14_16-55-05 [restartedMain] INFO  o.s.o.j.LocalContainerEntityManagerFactoryBean - Initialized JPA EntityManagerFactory for persistence unit 'default'
2022-05-14_16-55-05 [restartedMain] INFO  o.s.b.d.a.OptionalLiveReloadServer - LiveReload server is running on port 35729
2022-05-14_16-55-05 [restartedMain] INFO  o.s.b.a.e.web.EndpointLinksResolver - Exposing 2 endpoint(s) beneath base path '/actuator'
2022-05-14_16-55-05 [restartedMain] INFO  s.d.s.w.PropertySourcedRequestMappingHandlerMapping - Mapped URL path [/v2/api-docs] onto method [springfox.documentation.swagger2.web.Swagger2Controller#getDocumentation(String, HttpServletRequest)]
2022-05-14_16-55-05 [restartedMain] INFO  o.s.s.web.DefaultSecurityFilterChain - Will secure any request with [org.springframework.security.web.context.request.async.WebAsyncManagerIntegrationFilter@5bbd6cbf, org.springframework.security.web.context.SecurityContextPersistenceFilter@6d2a8203, org.springframework.security.web.header.HeaderWriterFilter@720e4dca, org.springframework.security.web.authentication.logout.LogoutFilter@551e4dcf, com.cts.authorization.config.JwtRequestFilter@25846be6, org.springframework.security.web.savedrequest.RequestCacheAwareFilter@60a66d54, org.springframework.security.web.servletapi.SecurityContextHolderAwareRequestFilter@72a2e52d, org.springframework.security.web.authentication.AnonymousAuthenticationFilter@7ae00667, org.springframework.security.web.session.SessionManagementFilter@7c538671, org.springframework.security.web.access.ExceptionTranslationFilter@5e687ec0, org.springframework.security.web.access.intercept.FilterSecurityInterceptor@29260882]
2022-05-14_16-55-05 [restartedMain] INFO  o.s.s.c.ThreadPoolTaskExecutor - Initializing ExecutorService 'applicationTaskExecutor'
2022-05-14_16-55-05 [restartedMain] INFO  o.s.cloud.commons.util.InetUtils - Cannot determine local hostname
2022-05-14_16-55-05 [restartedMain] INFO  o.a.coyote.http11.Http11NioProtocol - Starting ProtocolHandler ["http-nio-8400"]
2022-05-14_16-55-05 [restartedMain] INFO  o.s.b.w.e.tomcat.TomcatWebServer - Tomcat started on port(s): 8400 (http) with context path '/auth'
2022-05-14_16-55-05 [restartedMain] INFO  o.s.cloud.commons.util.InetUtils - Cannot determine local hostname
2022-05-14_16-55-05 [restartedMain] INFO  s.d.s.w.p.DocumentationPluginsBootstrapper - Context refreshed
2022-05-14_16-55-05 [restartedMain] INFO  s.d.s.w.p.DocumentationPluginsBootstrapper - Found 1 custom documentation plugin(s)
2022-05-14_16-55-05 [restartedMain] INFO  s.d.s.w.s.ApiListingReferenceScanner - Scanning for api listing references
2022-05-14_16-55-05 [restartedMain] INFO  s.d.s.w.r.o.CachingOperationNameGenerator - Generating unique operation named: handleUsingGET_1
2022-05-14_16-55-05 [restartedMain] INFO  s.d.s.w.r.o.CachingOperationNameGenerator - Generating unique operation named: handleUsingGET_2
2022-05-14_16-55-05 [restartedMain] INFO  c.c.a.AuthorizationMicroserviceApplication - Started AuthorizationMicroserviceApplication in 11.511 seconds (JVM running for 12.413)
2022-05-14_16-55-05 [http-nio-8400-exec-2] INFO  o.a.c.c.C.[.[localhost].[/auth] - Initializing Spring DispatcherServlet 'dispatcherServlet'
2022-05-14_16-55-05 [http-nio-8400-exec-2] INFO  o.s.web.servlet.DispatcherServlet - Initializing Servlet 'dispatcherServlet'
2022-05-14_16-55-05 [http-nio-8400-exec-2] INFO  o.s.web.servlet.DispatcherServlet - Completed initialization in 1 ms
2022-05-14_16-55-05 [http-nio-8400-exec-2] INFO  c.c.a.service.JwtUserDetailsService - User found
2022-05-14_16-55-05 [http-nio-8400-exec-2] INFO  c.c.a.service.JwtUserDetailsService - user successfully located
2022-05-14_16-55-05 [http-nio-8400-exec-2] INFO  c.c.a.service.JwtUserDetailsService - User found
2022-05-14_16-55-05 [http-nio-8400-exec-2] INFO  c.c.a.service.JwtUserDetailsService - user successfully located
2022-05-14_16-55-05 [http-nio-8400-exec-3] INFO  c.c.a.service.JwtUserDetailsService - User found
2022-05-14_16-55-05 [http-nio-8400-exec-3] INFO  c.c.a.service.JwtUserDetailsService - user successfully located
2022-05-14_16-55-05 [http-nio-8400-exec-5] INFO  c.c.a.service.JwtUserDetailsService - User found
2022-05-14_16-55-05 [http-nio-8400-exec-5] INFO  c.c.a.service.JwtUserDetailsService - user successfully located
2022-05-14_16-55-05 [http-nio-8400-exec-5] INFO  c.c.a.service.JwtUserDetailsService - User found
2022-05-14_16-55-05 [http-nio-8400-exec-5] INFO  c.c.a.service.JwtUserDetailsService - user successfully located
2022-05-14_16-55-05 [http-nio-8400-exec-6] INFO  c.c.a.service.JwtUserDetailsService - User found
2022-05-14_16-55-05 [http-nio-8400-exec-6] INFO  c.c.a.service.JwtUserDetailsService - user successfully located
2022-05-14_16-55-05 [http-nio-8400-exec-6] INFO  c.c.a.service.JwtUserDetailsService - User found
2022-05-14_16-55-05 [http-nio-8400-exec-6] INFO  c.c.a.service.JwtUserDetailsService - user successfully located
2022-05-14_16-55-05 [http-nio-8400-exec-7] INFO  c.c.a.service.JwtUserDetailsService - User found
2022-05-14_16-55-05 [http-nio-8400-exec-7] INFO  c.c.a.service.JwtUserDetailsService - user successfully located
2022-05-14_16-55-05 [http-nio-8400-exec-9] INFO  c.c.a.service.JwtUserDetailsService - User found
2022-05-14_16-55-05 [http-nio-8400-exec-9] INFO  c.c.a.service.JwtUserDetailsService - user successfully located
2022-05-14_16-55-05 [http-nio-8400-exec-10] INFO  c.c.a.service.JwtUserDetailsService - User found
2022-05-14_16-55-05 [http-nio-8400-exec-10] INFO  c.c.a.service.JwtUserDetailsService - user successfully located
2022-05-14_16-55-05 [http-nio-8400-exec-1] INFO  c.c.a.service.JwtUserDetailsService - User found
2022-05-14_16-55-05 [http-nio-8400-exec-1] INFO  c.c.a.service.JwtUserDetailsService - user successfully located
2022-05-14_16-55-05 [http-nio-8400-exec-1] INFO  c.c.a.service.JwtUserDetailsService - User found
2022-05-14_16-55-05 [http-nio-8400-exec-1] INFO  c.c.a.service.JwtUserDetailsService - user successfully located
2022-05-14_16-55-05 [http-nio-8400-exec-4] INFO  c.c.a.service.JwtUserDetailsService - User found
2022-05-14_16-55-05 [http-nio-8400-exec-4] INFO  c.c.a.service.JwtUserDetailsService - user successfully located
2022-05-14_16-55-05 [http-nio-8400-exec-7] INFO  c.c.a.service.JwtUserDetailsService - User found
2022-05-14_16-55-05 [http-nio-8400-exec-7] INFO  c.c.a.service.JwtUserDetailsService - user successfully located
2022-05-14_16-55-05 [http-nio-8400-exec-9] INFO  c.c.a.service.JwtUserDetailsService - User found
2022-05-14_16-55-05 [http-nio-8400-exec-9] INFO  c.c.a.service.JwtUserDetailsService - user successfully located
2022-05-14_16-55-05 [http-nio-8400-exec-10] INFO  c.c.a.service.JwtUserDetailsService - User found
2022-05-14_16-55-05 [http-nio-8400-exec-10] INFO  c.c.a.service.JwtUserDetailsService - user successfully located
2022-05-14_16-55-05 [http-nio-8400-exec-3] INFO  c.c.a.service.JwtUserDetailsService - User found
2022-05-14_16-55-05 [http-nio-8400-exec-3] INFO  c.c.a.service.JwtUserDetailsService - user successfully located
2022-05-14_16-55-05 [http-nio-8400-exec-1] INFO  c.c.a.service.JwtUserDetailsService - User found
2022-05-14_16-55-05 [http-nio-8400-exec-1] INFO  c.c.a.service.JwtUserDetailsService - user successfully located
2022-05-14_16-55-05 [http-nio-8400-exec-4] INFO  c.c.a.service.JwtUserDetailsService - User found
2022-05-14_16-55-05 [http-nio-8400-exec-4] INFO  c.c.a.service.JwtUserDetailsService - user successfully located
2022-05-14_16-55-05 [http-nio-8400-exec-6] INFO  c.c.a.service.JwtUserDetailsService - User found
2022-05-14_16-55-05 [http-nio-8400-exec-6] INFO  c.c.a.service.JwtUserDetailsService - user successfully located
2022-05-14_16-55-05 [http-nio-8400-exec-7] INFO  c.c.a.service.JwtUserDetailsService - User found
2022-05-14_16-55-05 [http-nio-8400-exec-7] INFO  c.c.a.service.JwtUserDetailsService - user successfully located
2022-05-14_16-55-05 [http-nio-8400-exec-7] INFO  c.c.a.service.JwtUserDetailsService - User found
2022-05-14_16-55-05 [http-nio-8400-exec-7] INFO  c.c.a.service.JwtUserDetailsService - user successfully located
2022-05-14_16-55-05 [http-nio-8400-exec-8] INFO  c.c.a.service.JwtUserDetailsService - User found
2022-05-14_16-55-05 [http-nio-8400-exec-8] INFO  c.c.a.service.JwtUserDetailsService - user successfully located
2022-05-14_16-55-05 [http-nio-8400-exec-9] INFO  c.c.a.service.JwtUserDetailsService - User found
2022-05-14_16-55-05 [http-nio-8400-exec-9] INFO  c.c.a.service.JwtUserDetailsService - user successfully located
2022-05-14_16-55-05 [http-nio-8400-exec-3] INFO  c.c.a.service.JwtUserDetailsService - User found
2022-05-14_16-55-05 [http-nio-8400-exec-3] INFO  c.c.a.service.JwtUserDetailsService - user successfully located
2022-05-14_16-55-05 [http-nio-8400-exec-4] INFO  c.c.a.service.JwtUserDetailsService - User found
2022-05-14_16-55-05 [http-nio-8400-exec-4] INFO  c.c.a.service.JwtUserDetailsService - user successfully located
2022-05-14_16-55-05 [http-nio-8400-exec-6] INFO  c.c.a.service.JwtUserDetailsService - User found
2022-05-14_16-55-05 [http-nio-8400-exec-6] INFO  c.c.a.service.JwtUserDetailsService - user successfully located
2022-05-14_16-55-05 [http-nio-8400-exec-8] INFO  c.c.a.service.JwtUserDetailsService - User found
2022-05-14_16-55-05 [http-nio-8400-exec-8] INFO  c.c.a.service.JwtUserDetailsService - user successfully located
2022-05-14_16-55-05 [http-nio-8400-exec-8] INFO  c.c.a.service.JwtUserDetailsService - User found
2022-05-14_16-55-05 [http-nio-8400-exec-8] INFO  c.c.a.service.JwtUserDetailsService - user successfully located
2022-05-14_16-55-05 [http-nio-8400-exec-9] INFO  c.c.a.service.JwtUserDetailsService - User found
2022-05-14_16-55-05 [http-nio-8400-exec-9] INFO  c.c.a.service.JwtUserDetailsService - user successfully located
2022-05-14_16-55-05 [http-nio-8400-exec-10] INFO  c.c.a.service.JwtUserDetailsService - User found
2022-05-14_16-55-05 [http-nio-8400-exec-10] INFO  c.c.a.service.JwtUserDetailsService - user successfully located
2022-05-14_16-55-05 [http-nio-8400-exec-1] INFO  c.c.a.service.JwtUserDetailsService - User found
2022-05-14_16-55-05 [http-nio-8400-exec-1] INFO  c.c.a.service.JwtUserDetailsService - user successfully located
2022-05-14_16-55-05 [http-nio-8400-exec-1] INFO  c.c.a.service.JwtUserDetailsService - User found
2022-05-14_16-55-05 [http-nio-8400-exec-1] INFO  c.c.a.service.JwtUserDetailsService - user successfully located
2022-05-14_16-55-05 [http-nio-8400-exec-4] INFO  c.c.a.service.JwtUserDetailsService - User found
2022-05-14_16-55-05 [http-nio-8400-exec-4] INFO  c.c.a.service.JwtUserDetailsService - user successfully located
2022-05-14_16-55-05 [http-nio-8400-exec-5] INFO  c.c.a.service.JwtUserDetailsService - User found
2022-05-14_16-55-05 [http-nio-8400-exec-5] INFO  c.c.a.service.JwtUserDetailsService - user successfully located
2022-05-14_16-55-05 [http-nio-8400-exec-8] INFO  c.c.a.service.JwtUserDetailsService - User found
2022-05-14_16-55-05 [http-nio-8400-exec-8] INFO  c.c.a.service.JwtUserDetailsService - user successfully located
2022-05-14_16-55-05 [http-nio-8400-exec-10] INFO  c.c.a.service.JwtUserDetailsService - User found
2022-05-14_16-55-05 [http-nio-8400-exec-10] INFO  c.c.a.service.JwtUserDetailsService - user successfully located
2022-05-14_16-55-05 [http-nio-8400-exec-3] INFO  c.c.a.service.JwtUserDetailsService - User found
2022-05-14_16-55-05 [http-nio-8400-exec-3] INFO  c.c.a.service.JwtUserDetailsService - user successfully located
2022-05-14_16-55-05 [http-nio-8400-exec-3] INFO  c.c.a.service.JwtUserDetailsService - User found
2022-05-14_16-55-05 [http-nio-8400-exec-3] INFO  c.c.a.service.JwtUserDetailsService - user successfully located
2022-05-14_16-55-05 [http-nio-8400-exec-1] INFO  c.c.a.service.JwtUserDetailsService - User found
2022-05-14_16-55-05 [http-nio-8400-exec-1] INFO  c.c.a.service.JwtUserDetailsService - user successfully located
2022-05-14_16-55-05 [http-nio-8400-exec-4] INFO  c.c.a.service.JwtUserDetailsService - User found
2022-05-14_16-55-05 [http-nio-8400-exec-4] INFO  c.c.a.service.JwtUserDetailsService - user successfully located
2022-05-14_16-55-05 [http-nio-8400-exec-7] INFO  c.c.a.service.JwtUserDetailsService - User found
2022-05-14_16-55-05 [http-nio-8400-exec-7] INFO  c.c.a.service.JwtUserDetailsService - user successfully located
2022-05-14_16-55-05 [http-nio-8400-exec-8] INFO  c.c.a.service.JwtUserDetailsService - User found
2022-05-14_16-55-05 [http-nio-8400-exec-8] INFO  c.c.a.service.JwtUserDetailsService - user successfully located
2022-05-14_16-55-05 [http-nio-8400-exec-8] INFO  c.c.a.service.JwtUserDetailsService - User found
2022-05-14_16-55-05 [http-nio-8400-exec-8] INFO  c.c.a.service.JwtUserDetailsService - user successfully located
2022-05-14_16-55-05 [http-nio-8400-exec-9] INFO  c.c.a.service.JwtUserDetailsService - User found
2022-05-14_16-55-05 [http-nio-8400-exec-9] INFO  c.c.a.service.JwtUserDetailsService - user successfully located
2022-05-14_16-55-05 [http-nio-8400-exec-10] INFO  c.c.a.service.JwtUserDetailsService - User found
2022-05-14_16-55-05 [http-nio-8400-exec-10] INFO  c.c.a.service.JwtUserDetailsService - user successfully located
2022-05-14_16-55-05 [http-nio-8400-exec-2] INFO  c.c.a.service.JwtUserDetailsService - User found
2022-05-14_16-55-05 [http-nio-8400-exec-2] INFO  c.c.a.service.JwtUserDetailsService - user successfully located
2022-05-14_16-55-05 [http-nio-8400-exec-4] INFO  c.c.a.service.JwtUserDetailsService - User found
2022-05-14_16-55-05 [http-nio-8400-exec-4] INFO  c.c.a.service.JwtUserDetailsService - user successfully located
2022-05-14_16-55-05 [http-nio-8400-exec-5] INFO  c.c.a.service.JwtUserDetailsService - User found
2022-05-14_16-55-05 [http-nio-8400-exec-5] INFO  c.c.a.service.JwtUserDetailsService - user successfully located
2022-05-14_16-55-05 [http-nio-8400-exec-7] INFO  c.c.a.service.JwtUserDetailsService - User found
2022-05-14_16-55-05 [http-nio-8400-exec-7] INFO  c.c.a.service.JwtUserDetailsService - user successfully located
2022-05-14_16-55-05 [http-nio-8400-exec-9] INFO  c.c.a.service.JwtUserDetailsService - User found
2022-05-14_16-55-05 [http-nio-8400-exec-9] INFO  c.c.a.service.JwtUserDetailsService - user successfully located
2022-05-14_16-55-05 [http-nio-8400-exec-2] INFO  c.c.a.service.JwtUserDetailsService - User found
2022-05-14_16-55-05 [http-nio-8400-exec-2] INFO  c.c.a.service.JwtUserDetailsService - user successfully located
2022-05-14_16-55-05 [http-nio-8400-exec-3] INFO  c.c.a.service.JwtUserDetailsService - User found
2022-05-14_16-55-05 [http-nio-8400-exec-3] INFO  c.c.a.service.JwtUserDetailsService - user successfully located
2022-05-14_16-55-05 [http-nio-8400-exec-4] INFO  c.c.a.service.JwtUserDetailsService - User found
2022-05-14_16-55-05 [http-nio-8400-exec-4] INFO  c.c.a.service.JwtUserDetailsService - user successfully located
2022-05-14_16-55-05 [http-nio-8400-exec-5] INFO  c.c.a.service.JwtUserDetailsService - User found
2022-05-14_16-55-05 [http-nio-8400-exec-5] INFO  c.c.a.service.JwtUserDetailsService - user successfully located
2022-05-14_16-55-05 [http-nio-8400-exec-7] INFO  c.c.a.service.JwtUserDetailsService - User found
2022-05-14_16-55-05 [http-nio-8400-exec-7] INFO  c.c.a.service.JwtUserDetailsService - user successfully located
2022-05-14_16-55-05 [http-nio-8400-exec-8] INFO  c.c.a.service.JwtUserDetailsService - User found
2022-05-14_16-55-05 [http-nio-8400-exec-8] INFO  c.c.a.service.JwtUserDetailsService - user successfully located
2022-05-14_16-55-05 [http-nio-8400-exec-10] INFO  c.c.a.service.JwtUserDetailsService - User found
2022-05-14_16-55-05 [http-nio-8400-exec-10] INFO  c.c.a.service.JwtUserDetailsService - user successfully located
2022-05-14_16-55-05 [http-nio-8400-exec-2] INFO  c.c.a.service.JwtUserDetailsService - User found
2022-05-14_16-55-05 [http-nio-8400-exec-2] INFO  c.c.a.service.JwtUserDetailsService - user successfully located
2022-05-14_16-55-05 [http-nio-8400-exec-3] INFO  c.c.a.service.JwtUserDetailsService - User found
2022-05-14_16-55-05 [http-nio-8400-exec-3] INFO  c.c.a.service.JwtUserDetailsService - user successfully located
2022-05-14_16-55-05 [http-nio-8400-exec-4] INFO  c.c.a.service.JwtUserDetailsService - User found
2022-05-14_16-55-05 [http-nio-8400-exec-4] INFO  c.c.a.service.JwtUserDetailsService - user successfully located
2022-05-14_16-55-05 [http-nio-8400-exec-5] INFO  c.c.a.service.JwtUserDetailsService - User found
2022-05-14_16-55-05 [http-nio-8400-exec-5] INFO  c.c.a.service.JwtUserDetailsService - user successfully located
2022-05-14_16-55-05 [http-nio-8400-exec-10] INFO  c.c.a.service.JwtUserDetailsService - User found
2022-05-14_16-55-05 [http-nio-8400-exec-10] INFO  c.c.a.service.JwtUserDetailsService - user successfully located
2022-05-14_16-55-05 [http-nio-8400-exec-10] INFO  c.c.a.service.JwtUserDetailsService - User found
2022-05-14_16-55-05 [http-nio-8400-exec-10] INFO  c.c.a.service.JwtUserDetailsService - user successfully located
2022-05-14_16-55-05 [http-nio-8400-exec-2] INFO  c.c.a.service.JwtUserDetailsService - User found
2022-05-14_16-55-05 [http-nio-8400-exec-2] INFO  c.c.a.service.JwtUserDetailsService - user successfully located
2022-05-14_16-55-05 [http-nio-8400-exec-3] INFO  c.c.a.service.JwtUserDetailsService - User found
2022-05-14_16-55-05 [http-nio-8400-exec-3] INFO  c.c.a.service.JwtUserDetailsService - user successfully located
2022-05-14_16-55-05 [http-nio-8400-exec-1] INFO  c.c.a.service.JwtUserDetailsService - User found
2022-05-14_16-55-05 [http-nio-8400-exec-1] INFO  c.c.a.service.JwtUserDetailsService - user successfully located
2022-05-14_16-55-05 [http-nio-8400-exec-4] INFO  c.c.a.service.JwtUserDetailsService - User found
2022-05-14_16-55-05 [http-nio-8400-exec-4] INFO  c.c.a.service.JwtUserDetailsService - user successfully located
2022-05-14_16-55-05 [http-nio-8400-exec-6] INFO  c.c.a.service.JwtUserDetailsService - User found
2022-05-14_16-55-05 [http-nio-8400-exec-6] INFO  c.c.a.service.JwtUserDetailsService - user successfully located
2022-05-14_16-55-05 [http-nio-8400-exec-8] INFO  c.c.a.service.JwtUserDetailsService - User found
2022-05-14_16-55-05 [http-nio-8400-exec-8] INFO  c.c.a.service.JwtUserDetailsService - user successfully located
2022-05-14_16-55-05 [http-nio-8400-exec-8] INFO  c.c.a.service.JwtUserDetailsService - User found
2022-05-14_16-55-05 [http-nio-8400-exec-8] INFO  c.c.a.service.JwtUserDetailsService - user successfully located
2022-05-14_16-55-05 [http-nio-8400-exec-10] INFO  c.c.a.service.JwtUserDetailsService - User found
2022-05-14_16-55-05 [http-nio-8400-exec-10] INFO  c.c.a.service.JwtUserDetailsService - user successfully located
2022-05-14_16-55-05 [http-nio-8400-exec-2] INFO  c.c.a.service.JwtUserDetailsService - User found
2022-05-14_16-55-05 [http-nio-8400-exec-2] INFO  c.c.a.service.JwtUserDetailsService - user successfully located
2022-05-14_16-55-05 [http-nio-8400-exec-3] INFO  c.c.a.service.JwtUserDetailsService - User found
2022-05-14_16-55-05 [http-nio-8400-exec-3] INFO  c.c.a.service.JwtUserDetailsService - user successfully located
2022-05-14_16-55-05 [http-nio-8400-exec-4] INFO  c.c.a.service.JwtUserDetailsService - User found
2022-05-14_16-55-05 [http-nio-8400-exec-4] INFO  c.c.a.service.JwtUserDetailsService - user successfully located
2022-05-14_16-55-05 [http-nio-8400-exec-5] INFO  c.c.a.service.JwtUserDetailsService - User found
2022-05-14_16-55-05 [http-nio-8400-exec-5] INFO  c.c.a.service.JwtUserDetailsService - user successfully located
2022-05-14_16-55-05 [http-nio-8400-exec-6] INFO  c.c.a.service.JwtUserDetailsService - User found
2022-05-14_16-55-05 [http-nio-8400-exec-6] INFO  c.c.a.service.JwtUserDetailsService - user successfully located
2022-05-14_16-55-05 [http-nio-8400-exec-7] INFO  c.c.a.service.JwtUserDetailsService - User found
2022-05-14_16-55-05 [http-nio-8400-exec-7] INFO  c.c.a.service.JwtUserDetailsService - user successfully located
